[0.045s] Invoking command in '/home/situjet/Desktop/aruco_ros/aruco_ros/build/aruco_msgs': CMAKE_PREFIX_PATH=/opt/ros/humble /home/situjet/.local/bin/cmake /home/situjet/Desktop/aruco_ros/aruco_ros/aruco_msgs -DCMAKE_INSTALL_PREFIX=/home/situjet/Desktop/aruco_ros/aruco_ros/install/aruco_msgs
[0.091s] -- The C compiler identification is GNU 11.4.0
[0.129s] -- The CXX compiler identification is GNU 11.4.0
[0.139s] -- Detecting C compiler ABI info
[0.175s] -- Detecting C compiler ABI info - done
[0.184s] -- Check for working C compiler: /usr/bin/cc - skipped
[0.185s] -- Detecting C compile features
[0.185s] -- Detecting C compile features - done
[0.191s] -- Detecting CXX compiler ABI info
[0.235s] -- Detecting CXX compiler ABI info - done
[0.245s] -- Check for working CXX compiler: /usr/bin/c++ - skipped
[0.245s] -- Detecting CXX compile features
[0.245s] -- Detecting CXX compile features - done
[0.247s] -- Found ament_cmake: 1.3.5 (/opt/ros/humble/share/ament_cmake/cmake)
[0.556s] -- Found Python3: /usr/bin/python3.10 (found version "3.10.12") found components: Interpreter 
[0.619s] -- Found std_msgs: 4.2.3 (/opt/ros/humble/share/std_msgs/cmake)
[0.650s] -- Found rosidl_generator_c: 3.1.5 (/opt/ros/humble/share/rosidl_generator_c/cmake)
[0.654s] -- Found rosidl_adapter: 3.1.5 (/opt/ros/humble/share/rosidl_adapter/cmake)
[0.662s] -- Found rosidl_generator_cpp: 3.1.5 (/opt/ros/humble/share/rosidl_generator_cpp/cmake)
[0.676s] -- Using all available rosidl_typesupport_c: rosidl_typesupport_fastrtps_c;rosidl_typesupport_introspection_c
[0.696s] -- Using all available rosidl_typesupport_cpp: rosidl_typesupport_fastrtps_cpp;rosidl_typesupport_introspection_cpp
[0.772s] -- Found geometry_msgs: 4.2.3 (/opt/ros/humble/share/geometry_msgs/cmake)
[0.852s] -- Found rosidl_default_generators: 1.2.0 (/opt/ros/humble/share/rosidl_default_generators/cmake)
[1.749s] -- Found ament_cmake_ros: 0.10.0 (/opt/ros/humble/share/ament_cmake_ros/cmake)
[3.089s] -- Using all available rosidl_typesupport_c: rosidl_typesupport_fastrtps_c;rosidl_typesupport_introspection_c
[3.393s] -- Using all available rosidl_typesupport_cpp: rosidl_typesupport_fastrtps_cpp;rosidl_typesupport_introspection_cpp
[3.396s] [33mCMake Warning (dev) at /opt/ros/humble/share/rosidl_generator_py/cmake/rosidl_generator_py_generate_interfaces.cmake:20 (find_package):
[3.396s]   Policy CMP0148 is not set: The FindPythonInterp and FindPythonLibs modules
[3.396s]   are removed.  Run "cmake --help-policy CMP0148" for policy details.  Use
[3.396s]   the cmake_policy command to set the policy and suppress this warning.
[3.396s] 
[3.397s] Call Stack (most recent call first):
[3.397s]   /opt/ros/humble/share/ament_cmake_core/cmake/core/ament_execute_extensions.cmake:48 (include)
[3.397s]   /opt/ros/humble/share/rosidl_cmake/cmake/rosidl_generate_interfaces.cmake:286 (ament_execute_extensions)
[3.397s]   CMakeLists.txt:14 (rosidl_generate_interfaces)
[3.397s] This warning is for project developers.  Use -Wno-dev to suppress it.
[3.397s] [0m
[3.416s] -- Found PythonInterp: /usr/bin/python3 (found suitable version "3.10.12", minimum required is "3.6") 
[3.418s] -- Found python_cmake_module: 0.10.0 (/opt/ros/humble/share/python_cmake_module/cmake)
[3.419s] [33mCMake Warning (dev) at /opt/ros/humble/share/python_cmake_module/cmake/Modules/FindPythonExtra.cmake:52 (find_package):
[3.419s]   Policy CMP0148 is not set: The FindPythonInterp and FindPythonLibs modules
[3.419s]   are removed.  Run "cmake --help-policy CMP0148" for policy details.  Use
[3.419s]   the cmake_policy command to set the policy and suppress this warning.
[3.419s] 
[3.419s] Call Stack (most recent call first):
[3.419s]   /opt/ros/humble/share/rosidl_generator_py/cmake/rosidl_generator_py_generate_interfaces.cmake:23 (find_package)
[3.419s]   /opt/ros/humble/share/ament_cmake_core/cmake/core/ament_execute_extensions.cmake:48 (include)
[3.419s]   /opt/ros/humble/share/rosidl_cmake/cmake/rosidl_generate_interfaces.cmake:286 (ament_execute_extensions)
[3.419s]   CMakeLists.txt:14 (rosidl_generate_interfaces)
[3.419s] This warning is for project developers.  Use -Wno-dev to suppress it.
[3.419s] [0m
[3.438s] [33mCMake Warning (dev) at /opt/ros/humble/share/python_cmake_module/cmake/Modules/FindPythonExtra.cmake:140 (find_package):
[3.438s]   Policy CMP0148 is not set: The FindPythonInterp and FindPythonLibs modules
[3.439s]   are removed.  Run "cmake --help-policy CMP0148" for policy details.  Use
[3.439s]   the cmake_policy command to set the policy and suppress this warning.
[3.439s] 
[3.439s] Call Stack (most recent call first):
[3.439s]   /opt/ros/humble/share/rosidl_generator_py/cmake/rosidl_generator_py_generate_interfaces.cmake:23 (find_package)
[3.439s]   /opt/ros/humble/share/ament_cmake_core/cmake/core/ament_execute_extensions.cmake:48 (include)
[3.439s]   /opt/ros/humble/share/rosidl_cmake/cmake/rosidl_generate_interfaces.cmake:286 (ament_execute_extensions)
[3.439s]   CMakeLists.txt:14 (rosidl_generate_interfaces)
[3.439s] This warning is for project developers.  Use -Wno-dev to suppress it.
[3.440s] [0m
[3.448s] -- Found PythonLibs: /usr/lib/x86_64-linux-gnu/libpython3.10.so (found suitable version "3.10.12", minimum required is "3.5") 
[3.448s] -- Using PYTHON_EXECUTABLE: /usr/bin/python3
[3.448s] -- Using PYTHON_INCLUDE_DIRS: /usr/include/python3.10
[3.448s] -- Using PYTHON_LIBRARIES: /usr/lib/x86_64-linux-gnu/libpython3.10.so
[3.468s] -- Found PythonExtra: .so  
[3.563s] -- Found ament_lint_auto: 0.12.8 (/opt/ros/humble/share/ament_lint_auto/cmake)
[3.588s] -- Added test 'copyright' to check source files copyright and LICENSE
[3.589s] -- Added test 'lint_cmake' to check CMake code style
[3.590s] -- Added test 'xmllint' to check XML markup files
[3.593s] -- Configuring done (3.5s)
[3.630s] -- Generating done (0.0s)
[3.633s] -- Build files have been written to: /home/situjet/Desktop/aruco_ros/aruco_ros/build/aruco_msgs
[3.642s] Invoked command in '/home/situjet/Desktop/aruco_ros/aruco_ros/build/aruco_msgs' returned '0': CMAKE_PREFIX_PATH=/opt/ros/humble /home/situjet/.local/bin/cmake /home/situjet/Desktop/aruco_ros/aruco_ros/aruco_msgs -DCMAKE_INSTALL_PREFIX=/home/situjet/Desktop/aruco_ros/aruco_ros/install/aruco_msgs
[3.644s] Invoking command in '/home/situjet/Desktop/aruco_ros/aruco_ros/build/aruco_msgs': CMAKE_PREFIX_PATH=/opt/ros/humble /home/situjet/.local/bin/cmake --build /home/situjet/Desktop/aruco_ros/aruco_ros/build/aruco_msgs -- -j12 -l12
[3.678s] [  2%] [34m[1mGenerating C code for ROS interfaces[0m
[3.681s] [  5%] [34m[1mGenerating C++ code for ROS interfaces[0m
[3.682s] [  5%] Built target ament_cmake_python_copy_aruco_msgs
[3.909s] running egg_info
[3.909s] creating aruco_msgs.egg-info
[3.909s] writing aruco_msgs.egg-info/PKG-INFO
[3.909s] writing dependency_links to aruco_msgs.egg-info/dependency_links.txt
[3.910s] writing top-level names to aruco_msgs.egg-info/top_level.txt
[3.911s] writing manifest file 'aruco_msgs.egg-info/SOURCES.txt'
[3.913s] reading manifest file 'aruco_msgs.egg-info/SOURCES.txt'
[3.913s] writing manifest file 'aruco_msgs.egg-info/SOURCES.txt'
[3.933s] [  5%] Built target ament_cmake_python_build_aruco_msgs_egg
[3.944s] [  5%] Built target aruco_msgs__cpp
[3.947s] [ 10%] [34m[1mGenerating C++ type support for eProsima Fast-RTPS[0m
[3.947s] [ 10%] [34m[1mGenerating C++ type support dispatch for ROS interfaces[0m
[3.948s] [ 12%] [34m[1mGenerating C++ introspection for ROS interfaces[0m
[3.963s] [ 15%] [32mBuilding C object CMakeFiles/aruco_msgs__rosidl_generator_c.dir/rosidl_generator_c/aruco_msgs/msg/detail/marker__functions.c.o[0m
[3.963s] [ 17%] [32mBuilding C object CMakeFiles/aruco_msgs__rosidl_generator_c.dir/rosidl_generator_c/aruco_msgs/msg/detail/marker_array__functions.c.o[0m
[4.018s] [ 20%] [32m[1mLinking C shared library libaruco_msgs__rosidl_generator_c.so[0m
[4.038s] [ 20%] Built target aruco_msgs__rosidl_generator_c
[4.042s] [ 23%] [34m[1mGenerating C type support for eProsima Fast-RTPS[0m
[4.042s] [ 25%] [34m[1mGenerating C type support dispatch for ROS interfaces[0m
[4.042s] [ 28%] [34m[1mGenerating C introspection for ROS interfaces[0m
[4.172s] [ 30%] [32mBuilding CXX object CMakeFiles/aruco_msgs__rosidl_typesupport_cpp.dir/rosidl_typesupport_cpp/aruco_msgs/msg/marker__type_support.cpp.o[0m
[4.173s] [ 33%] [32mBuilding CXX object CMakeFiles/aruco_msgs__rosidl_typesupport_cpp.dir/rosidl_typesupport_cpp/aruco_msgs/msg/marker_array__type_support.cpp.o[0m
[4.262s] [ 35%] [32mBuilding CXX object CMakeFiles/aruco_msgs__rosidl_typesupport_c.dir/rosidl_typesupport_c/aruco_msgs/msg/marker__type_support.cpp.o[0m
[4.263s] [ 38%] [32mBuilding CXX object CMakeFiles/aruco_msgs__rosidl_typesupport_c.dir/rosidl_typesupport_c/aruco_msgs/msg/marker_array__type_support.cpp.o[0m
[4.293s] [ 41%] [32m[1mLinking CXX shared library libaruco_msgs__rosidl_typesupport_c.so[0m
[4.314s] [ 46%] [32mBuilding CXX object CMakeFiles/aruco_msgs__rosidl_typesupport_introspection_cpp.dir/rosidl_typesupport_introspection_cpp/aruco_msgs/msg/detail/marker_array__type_support.cpp.o[0m
[4.314s] [ 46%] [32mBuilding CXX object CMakeFiles/aruco_msgs__rosidl_typesupport_introspection_cpp.dir/rosidl_typesupport_introspection_cpp/aruco_msgs/msg/detail/marker__type_support.cpp.o[0m
[4.323s] [ 46%] Built target aruco_msgs__rosidl_typesupport_c
[4.344s] [ 51%] [32mBuilding CXX object CMakeFiles/aruco_msgs__rosidl_typesupport_fastrtps_cpp.dir/rosidl_typesupport_fastrtps_cpp/aruco_msgs/msg/detail/dds_fastrtps/marker_array__type_support.cpp.o[0m
[4.344s] [ 51%] [32mBuilding CXX object CMakeFiles/aruco_msgs__rosidl_typesupport_fastrtps_cpp.dir/rosidl_typesupport_fastrtps_cpp/aruco_msgs/msg/detail/dds_fastrtps/marker__type_support.cpp.o[0m
[4.407s] [ 56%] [32mBuilding C object CMakeFiles/aruco_msgs__rosidl_typesupport_introspection_c.dir/rosidl_typesupport_introspection_c/aruco_msgs/msg/detail/marker_array__type_support.c.o[0m
[4.407s] [ 56%] [32mBuilding C object CMakeFiles/aruco_msgs__rosidl_typesupport_introspection_c.dir/rosidl_typesupport_introspection_c/aruco_msgs/msg/detail/marker__type_support.c.o[0m
[4.438s] gmake[2]: *** Deleting file 'rosidl_typesupport_fastrtps_c/aruco_msgs/msg/detail/marker__rosidl_typesupport_fastrtps_c.h'
[4.438s] gmake[2]: *** [CMakeFiles/aruco_msgs__rosidl_typesupport_introspection_c.dir/build.make:159: CMakeFiles/aruco_msgs__rosidl_typesupport_introspection_c.dir/rosidl_typesupport_introspection_c/aruco_msgs/msg/detail/marker__type_support.c.o] Interrupt
[4.439s] gmake[2]: *** [CMakeFiles/aruco_msgs__rosidl_typesupport_cpp.dir/build.make:165: CMakeFiles/aruco_msgs__rosidl_typesupport_cpp.dir/rosidl_typesupport_cpp/aruco_msgs/msg/marker_array__type_support.cpp.o] Interrupt
[4.439s] gmake[2]: *** [CMakeFiles/aruco_msgs__rosidl_typesupport_fastrtps_cpp.dir/build.make:159: CMakeFiles/aruco_msgs__rosidl_typesupport_fastrtps_cpp.dir/rosidl_typesupport_fastrtps_cpp/aruco_msgs/msg/detail/dds_fastrtps/marker__type_support.cpp.o] Interrupt
[4.439s] gmake[2]: *** [CMakeFiles/aruco_msgs__rosidl_typesupport_fastrtps_cpp.dir/build.make:173: CMakeFiles/aruco_msgs__rosidl_typesupport_fastrtps_cpp.dir/rosidl_typesupport_fastrtps_cpp/aruco_msgs/msg/detail/dds_fastrtps/marker_array__type_support.cpp.o] Interrupt
[4.439s] gmake[2]: *** wait: No child processes.  Stop.
[4.439s] gmake[2]: *** Waiting for unfinished jobs....
[4.439s] gmake[2]: *** wait: No child processes.  Stop.
[4.440s] Traceback (most recent call last):
[4.440s]   File "/opt/ros/humble/lib/rosidl_typesupport_fastrtps_c/rosidl_typesupport_fastrtps_c", line 33, in <module>
[4.440s]     sys.exit(main())
[4.440s]   File "/opt/ros/humble/lib/rosidl_typesupport_fastrtps_c/rosidl_typesupport_fastrtps_c", line 29, in main
[4.440s] gmake[2]: *** [CMakeFiles/aruco_msgs__rosidl_typesupport_introspection_cpp.dir/build.make:159: CMakeFiles/aruco_msgs__rosidl_typesupport_introspection_cpp.dir/rosidl_typesupport_introspection_cpp/aruco_msgs/msg/detail/marker__type_support.cpp.o] Interrupt
[4.440s]     generate_typesupport_fastrtps_c(args.generator_arguments_file)
[4.440s]   File "/opt/ros/humble/local/lib/python3.10/dist-packages/rosidl_typesupport_fastrtps_c/__init__.py", line 24, in generate_typesupport_fastrtps_c
[4.440s] gmake[2]: *** wait: No child processes.  Stop.
[4.440s] gmake[2]: *** Waiting for unfinished jobs....
[4.440s]     return generate_files(generator_arguments_file, mapping)
[4.441s] gmake[2]: *** wait: No child processes.  Stop.
[4.441s]   File "/opt/ros/humble/local/lib/python3.10/dist-packages/rosidl_cmake/__init__.py", line 87, in generate_files
[4.441s] gmake[1]: *** [CMakeFiles/Makefile2:395: CMakeFiles/aruco_msgs__rosidl_typesupport_cpp.dir/all] Error 2
[4.441s]     expand_template(
[4.441s]   File "/opt/ros/humble/local/lib/python3.10/dist-packages/rosidl_cmake/__init__.py", line 149, in expand_template
[4.441s] gmake[1]: *** [CMakeFiles/Makefile2:291: CMakeFiles/aruco_msgs__rosidl_typesupport_fastrtps_cpp.dir/all] Interrupt
[4.441s]     interpreter.string(template_content, template_path, locals=data)
[4.441s] gmake[1]: *** [CMakeFiles/Makefile2:369: CMakeFiles/aruco_msgs__rosidl_typesupport_introspection_cpp.dir/all] Error 2
[4.442s] gmake[2]: *** [CMakeFiles/aruco_msgs__rosidl_typesupport_introspection_c.dir/build.make:173: CMakeFiles/aruco_msgs__rosidl_typesupport_introspection_c.dir/rosidl_typesupport_introspection_c/aruco_msgs/msg/detail/marker_array__type_support.c.o] Interrupt
[4.442s]   File "/usr/lib/python3/dist-packages/em.py", line 2391, in string
[4.442s] gmake[1]: *** [CMakeFiles/Makefile2:317: CMakeFiles/aruco_msgs__rosidl_typesupport_introspection_c.dir/all] Interrupt
[4.442s]     self.safe(scanner, True, locals)
[4.442s]   File "/usr/lib/python3/dist-packages/em.py", line 2401, in safe
[4.442s]     self.parse(scanner, locals)
[4.442s]   File "/usr/lib/python3/dist-packages/em.py", line 2421, in parse
[4.442s]     token.run(self, locals)
[4.442s]   File "/usr/lib/python3/dist-packages/em.py", line 1547, in run
[4.443s]     self.subrun(info[0][1], interpreter, locals)
[4.443s]   File "/usr/lib/python3/dist-packages/em.py", line 1631, in subrun
[4.443s]     token.run(interpreter, locals)
[4.443s]   File "/usr/lib/python3/dist-packages/em.py", line 1425, in run
[4.443s]     interpreter.execute(self.code, locals)
[4.443s]   File "/usr/lib/python3/dist-packages/em.py", line 2596, in execute
[4.444s]     _exec(statements, self.globals, locals)
[4.444s]   File "<string>", line 2, in <module>
[4.444s]   File "/opt/ros/humble/local/lib/python3.10/dist-packages/rosidl_cmake/__init__.py", line 198, in _expand_template
[4.445s]     interpreter.string(content, str(template_path), kwargs)
[4.445s]   File "/usr/lib/python3/dist-packages/em.py", line 2391, in string
[4.446s]     self.safe(scanner, True, locals)
[4.446s]   File "/usr/lib/python3/dist-packages/em.py", line 2401, in safe
[4.446s]     self.parse(scanner, locals)
[4.446s]   File "/usr/lib/python3/dist-packages/em.py", line 2417, in parse
[4.446s]     token = scanner.one()
[4.446s]   File "/usr/lib/python3/dist-packages/em.py", line 1984, in one
[4.446s]     token.scan(self)
[4.446s]   File "/usr/lib/python3/dist-packages/em.py", line 1468, in scan
[4.446s]     self.subscan(scanner, self.type)
[4.446s]   File "/usr/lib/python3/dist-packages/em.py", line 1483, in subscan
[4.447s]     token = scanner.one()
[4.447s]   File "/usr/lib/python3/dist-packages/em.py", line 1984, in one
[4.447s]     token.scan(self)
[4.447s]   File "/usr/lib/python3/dist-packages/em.py", line 1468, in scan
[4.447s]     self.subscan(scanner, self.type)
[4.447s]   File "/usr/lib/python3/dist-packages/em.py", line 1483, in subscan
[4.447s]     token = scanner.one()
[4.447s]   File "/usr/lib/python3/dist-packages/em.py", line 1984, in one
[4.447s]     token.scan(self)
[4.447s]   File "/usr/lib/python3/dist-packages/em.py", line 1456, in scan
[4.447s]     i = scanner.complex('[', ']', 0)
[4.448s]   File "/usr/lib/python3/dist-packages/em.py", line 1907, in complex
[4.448s]     if c == enter:
[4.448s] KeyboardInterrupt
[4.453s] Exception ignored in: <function Interpreter.__del__ at 0x7f7b5ea2e320>
[4.453s] Traceback (most recent call last):
[4.454s]   File "/usr/lib/python3/dist-packages/em.py", line 2094, in __del__
[4.454s]   File "/usr/lib/python3/dist-packages/em.py", line 2157, in shutdown
[4.454s]   File "/usr/lib/python3/dist-packages/em.py", line 2647, in finalize
[4.454s]   File "/usr/lib/python3/dist-packages/em.py", line 2200, in push
[4.455s] AttributeError: '_io.TextIOWrapper' object has no attribute 'push'
[4.459s] gmake[2]: *** [CMakeFiles/aruco_msgs__rosidl_typesupport_fastrtps_c.dir/build.make:144: rosidl_typesupport_fastrtps_c/aruco_msgs/msg/detail/marker__rosidl_typesupport_fastrtps_c.h] Interrupt
[4.460s] gmake[1]: *** [CMakeFiles/Makefile2:238: CMakeFiles/aruco_msgs__rosidl_typesupport_fastrtps_c.dir/all] Interrupt
[4.460s] gmake: *** [Makefile:146: all] Interrupt
[4.469s] Traceback (most recent call last):
[4.469s]   File "/home/situjet/.local/bin/cmake", line 8, in <module>
[4.469s]     sys.exit(cmake())
[4.469s]   File "/home/situjet/.local/lib/python3.10/site-packages/cmake/__init__.py", line 43, in cmake
[4.469s]     raise SystemExit(_program('cmake', sys.argv[1:]))
[4.469s]   File "/home/situjet/.local/lib/python3.10/site-packages/cmake/__init__.py", line 39, in _program
[4.469s]     return subprocess.call([os.path.join(CMAKE_BIN_DIR, name)] + args, close_fds=False)
[4.469s]   File "/usr/lib/python3.10/subprocess.py", line 347, in call
[4.469s]     return p.wait(timeout=timeout)
[4.469s]   File "/usr/lib/python3.10/subprocess.py", line 1209, in wait
[4.469s]     return self._wait(timeout=timeout)
[4.469s]   File "/usr/lib/python3.10/subprocess.py", line 1959, in _wait
[4.469s]     (pid, sts) = self._try_wait(0)
[4.469s]   File "/usr/lib/python3.10/subprocess.py", line 1917, in _try_wait
[4.469s]     (pid, sts) = os.waitpid(self.pid, wait_flags)
[4.469s] KeyboardInterrupt
[4.473s] Invoked command in '/home/situjet/Desktop/aruco_ros/aruco_ros/build/aruco_msgs' returned '-2': CMAKE_PREFIX_PATH=/opt/ros/humble /home/situjet/.local/bin/cmake --build /home/situjet/Desktop/aruco_ros/aruco_ros/build/aruco_msgs -- -j12 -l12
