[0.086s] Invoking command in '/home/situjet/Desktop/aruco_ros/aruco_ros/build/aruco': CMAKE_PREFIX_PATH=/opt/ros/humble /home/situjet/.local/bin/cmake /home/situjet/Desktop/aruco_ros/aruco_ros/aruco -DCMAKE_INSTALL_PREFIX=/home/situjet/Desktop/aruco_ros/aruco_ros/install/aruco
[0.135s] -- The C compiler identification is GNU 11.4.0
[0.173s] -- The CXX compiler identification is GNU 11.4.0
[0.182s] -- Detecting C compiler ABI info
[0.218s] -- Detecting C compiler ABI info - done
[0.228s] -- Check for working C compiler: /usr/bin/cc - skipped
[0.228s] -- Detecting C compile features
[0.228s] -- Detecting C compile features - done
[0.234s] -- Detecting CXX compiler ABI info
[0.278s] -- Detecting CXX compiler ABI info - done
[0.288s] -- Check for working CXX compiler: /usr/bin/c++ - skipped
[0.288s] -- Detecting CXX compile features
[0.289s] -- Detecting CXX compile features - done
[0.291s] -- Found ament_cmake: 1.3.5 (/opt/ros/humble/share/ament_cmake/cmake)
[0.599s] -- Found Python3: /usr/bin/python3.10 (found version "3.10.12") found components: Interpreter 
[0.680s] -- Found OpenCV: /usr (found suitable version "4.5.4", minimum required is "4.2.0") 
[0.732s] -- Configuring done (0.6s)
[0.739s] -- Generating done (0.0s)
[0.740s] -- Build files have been written to: /home/situjet/Desktop/aruco_ros/aruco_ros/build/aruco
[0.747s] Invoked command in '/home/situjet/Desktop/aruco_ros/aruco_ros/build/aruco' returned '0': CMAKE_PREFIX_PATH=/opt/ros/humble /home/situjet/.local/bin/cmake /home/situjet/Desktop/aruco_ros/aruco_ros/aruco -DCMAKE_INSTALL_PREFIX=/home/situjet/Desktop/aruco_ros/aruco_ros/install/aruco
[0.748s] Invoking command in '/home/situjet/Desktop/aruco_ros/aruco_ros/build/aruco': CMAKE_PREFIX_PATH=/opt/ros/humble /home/situjet/.local/bin/cmake --build /home/situjet/Desktop/aruco_ros/aruco_ros/build/aruco -- -j12 -l12
[0.776s] [  5%] [32mBuilding CXX object CMakeFiles/aruco.dir/src/aruco/cvdrawingutils.cpp.o[0m
[0.776s] [ 11%] [32mBuilding CXX object CMakeFiles/aruco.dir/src/aruco/cameraparameters.cpp.o[0m
[0.776s] [ 16%] [32mBuilding CXX object CMakeFiles/aruco.dir/src/aruco/debug.cpp.o[0m
[0.776s] [ 22%] [32mBuilding CXX object CMakeFiles/aruco.dir/src/aruco/dictionary_based.cpp.o[0m
[0.777s] [ 27%] [32mBuilding CXX object CMakeFiles/aruco.dir/src/aruco/dictionary.cpp.o[0m
[0.777s] [ 33%] [32mBuilding CXX object CMakeFiles/aruco.dir/src/aruco/fractaldetector.cpp.o[0m
[0.777s] [ 38%] [32mBuilding CXX object CMakeFiles/aruco.dir/src/aruco/ippe.cpp.o[0m
[0.777s] [ 44%] [32mBuilding CXX object CMakeFiles/aruco.dir/src/aruco/markerdetector_impl.cpp.o[0m
[0.777s] [ 50%] [32mBuilding CXX object CMakeFiles/aruco.dir/src/aruco/markerdetector.cpp.o[0m
[0.777s] [ 55%] [32mBuilding CXX object CMakeFiles/aruco.dir/src/aruco/marker.cpp.o[0m
[0.777s] [ 61%] [32mBuilding CXX object CMakeFiles/aruco.dir/src/aruco/markerlabeler.cpp.o[0m
[0.778s] [ 66%] [32mBuilding CXX object CMakeFiles/aruco.dir/src/aruco/markermap.cpp.o[0m
[1.224s] [ 72%] [32mBuilding CXX object CMakeFiles/aruco.dir/src/aruco/posetracker.cpp.o[0m
[2.088s] [ 77%] [32mBuilding CXX object CMakeFiles/aruco.dir/src/aruco/fractallabelers/fractallabeler.cpp.o[0m
[2.127s] [ 83%] [32mBuilding CXX object CMakeFiles/aruco.dir/src/aruco/fractallabelers/fractalmarker.cpp.o[0m
[2.181s] [ 88%] [32mBuilding CXX object CMakeFiles/aruco.dir/src/aruco/fractallabelers/fractalmarkerset.cpp.o[0m
[2.359s] [ 94%] [32mBuilding CXX object CMakeFiles/aruco.dir/src/aruco/fractallabelers/fractalposetracker.cpp.o[0m
[4.482s] gmake[2]: *** [CMakeFiles/aruco.dir/build.make:300: CMakeFiles/aruco.dir/src/aruco/fractallabelers/fractalposetracker.cpp.o] Interrupt
[4.482s] gmake[2]: *** [CMakeFiles/aruco.dir/build.make:244: CMakeFiles/aruco.dir/src/aruco/posetracker.cpp.o] Interrupt
[4.482s] gmake[1]: *** [CMakeFiles/Makefile2:137: CMakeFiles/aruco.dir/all] Interrupt
[4.486s] gmake: *** [Makefile:146: all] Interrupt
[4.487s] Traceback (most recent call last):
[4.487s]   File "/home/situjet/.local/bin/cmake", line 8, in <module>
[4.487s]     sys.exit(cmake())
[4.487s]   File "/home/situjet/.local/lib/python3.10/site-packages/cmake/__init__.py", line 43, in cmake
[4.487s]     raise SystemExit(_program('cmake', sys.argv[1:]))
[4.487s]   File "/home/situjet/.local/lib/python3.10/site-packages/cmake/__init__.py", line 39, in _program
[4.487s]     return subprocess.call([os.path.join(CMAKE_BIN_DIR, name)] + args, close_fds=False)
[4.488s]   File "/usr/lib/python3.10/subprocess.py", line 347, in call
[4.488s]     return p.wait(timeout=timeout)
[4.488s]   File "/usr/lib/python3.10/subprocess.py", line 1209, in wait
[4.488s]     return self._wait(timeout=timeout)
[4.488s]   File "/usr/lib/python3.10/subprocess.py", line 1959, in _wait
[4.488s]     (pid, sts) = self._try_wait(0)
[4.488s]   File "/usr/lib/python3.10/subprocess.py", line 1917, in _try_wait
[4.488s]     (pid, sts) = os.waitpid(self.pid, wait_flags)
[4.489s] KeyboardInterrupt
[4.498s] Invoked command in '/home/situjet/Desktop/aruco_ros/aruco_ros/build/aruco' returned '-2': CMAKE_PREFIX_PATH=/opt/ros/humble /home/situjet/.local/bin/cmake --build /home/situjet/Desktop/aruco_ros/aruco_ros/build/aruco -- -j12 -l12
