[0.056s] Invoking command in '/home/situjet/Desktop/aruco_ros/aruco_ros/build/aruco_msgs': CMAKE_PREFIX_PATH=/opt/ros/humble /home/situjet/.local/bin/cmake /home/situjet/Desktop/aruco_ros/aruco_ros/aruco_msgs -DAMENT_CMAKE_SYMLINK_INSTALL=1 -DCMAKE_INSTALL_PREFIX=/home/situjet/Desktop/aruco_ros/aruco_ros/install/aruco_msgs
[0.083s] -- Found ament_cmake: 1.3.5 (/opt/ros/humble/share/ament_cmake/cmake)
[0.256s] -- Override CMake install command with custom implementation using symlinks instead of copying resources
[0.264s] -- Found std_msgs: 4.2.3 (/opt/ros/humble/share/std_msgs/cmake)
[0.292s] -- Found rosidl_generator_c: 3.1.5 (/opt/ros/humble/share/rosidl_generator_c/cmake)
[0.295s] -- Found rosidl_adapter: 3.1.5 (/opt/ros/humble/share/rosidl_adapter/cmake)
[0.302s] -- Found rosidl_generator_cpp: 3.1.5 (/opt/ros/humble/share/rosidl_generator_cpp/cmake)
[0.316s] -- Using all available rosidl_typesupport_c: rosidl_typesupport_fastrtps_c;rosidl_typesupport_introspection_c
[0.336s] -- Using all available rosidl_typesupport_cpp: rosidl_typesupport_fastrtps_cpp;rosidl_typesupport_introspection_cpp
[0.402s] -- Found geometry_msgs: 4.2.3 (/opt/ros/humble/share/geometry_msgs/cmake)
[0.453s] -- Found rosidl_default_generators: 1.2.0 (/opt/ros/humble/share/rosidl_default_generators/cmake)
[0.858s] -- Found ament_cmake_ros: 0.10.0 (/opt/ros/humble/share/ament_cmake_ros/cmake)
[1.587s] -- Using all available rosidl_typesupport_c: rosidl_typesupport_fastrtps_c;rosidl_typesupport_introspection_c
[1.883s] -- Using all available rosidl_typesupport_cpp: rosidl_typesupport_fastrtps_cpp;rosidl_typesupport_introspection_cpp
[1.885s] [33mCMake Warning (dev) at /opt/ros/humble/share/rosidl_generator_py/cmake/rosidl_generator_py_generate_interfaces.cmake:20 (find_package):
[1.885s]   Policy CMP0148 is not set: The FindPythonInterp and FindPythonLibs modules
[1.885s]   are removed.  Run "cmake --help-policy CMP0148" for policy details.  Use
[1.885s]   the cmake_policy command to set the policy and suppress this warning.
[1.885s] 
[1.885s] Call Stack (most recent call first):
[1.885s]   /opt/ros/humble/share/ament_cmake_core/cmake/core/ament_execute_extensions.cmake:48 (include)
[1.885s]   /opt/ros/humble/share/rosidl_cmake/cmake/rosidl_generate_interfaces.cmake:286 (ament_execute_extensions)
[1.885s]   CMakeLists.txt:14 (rosidl_generate_interfaces)
[1.885s] This warning is for project developers.  Use -Wno-dev to suppress it.
[1.885s] [0m
[1.903s] -- Found python_cmake_module: 0.10.0 (/opt/ros/humble/share/python_cmake_module/cmake)
[1.903s] [33mCMake Warning (dev) at /opt/ros/humble/share/python_cmake_module/cmake/Modules/FindPythonExtra.cmake:52 (find_package):
[1.903s]   Policy CMP0148 is not set: The FindPythonInterp and FindPythonLibs modules
[1.903s]   are removed.  Run "cmake --help-policy CMP0148" for policy details.  Use
[1.903s]   the cmake_policy command to set the policy and suppress this warning.
[1.904s] 
[1.904s] Call Stack (most recent call first):
[1.904s]   /opt/ros/humble/share/rosidl_generator_py/cmake/rosidl_generator_py_generate_interfaces.cmake:23 (find_package)
[1.904s]   /opt/ros/humble/share/ament_cmake_core/cmake/core/ament_execute_extensions.cmake:48 (include)
[1.904s]   /opt/ros/humble/share/rosidl_cmake/cmake/rosidl_generate_interfaces.cmake:286 (ament_execute_extensions)
[1.904s]   CMakeLists.txt:14 (rosidl_generate_interfaces)
[1.904s] This warning is for project developers.  Use -Wno-dev to suppress it.
[1.904s] [0m
[1.921s] [33mCMake Warning (dev) at /opt/ros/humble/share/python_cmake_module/cmake/Modules/FindPythonExtra.cmake:140 (find_package):
[1.921s]   Policy CMP0148 is not set: The FindPythonInterp and FindPythonLibs modules
[1.921s]   are removed.  Run "cmake --help-policy CMP0148" for policy details.  Use
[1.921s]   the cmake_policy command to set the policy and suppress this warning.
[1.921s] 
[1.921s] Call Stack (most recent call first):
[1.922s]   /opt/ros/humble/share/rosidl_generator_py/cmake/rosidl_generator_py_generate_interfaces.cmake:23 (find_package)
[1.922s]   /opt/ros/humble/share/ament_cmake_core/cmake/core/ament_execute_extensions.cmake:48 (include)
[1.922s]   /opt/ros/humble/share/rosidl_cmake/cmake/rosidl_generate_interfaces.cmake:286 (ament_execute_extensions)
[1.922s]   CMakeLists.txt:14 (rosidl_generate_interfaces)
[1.922s] This warning is for project developers.  Use -Wno-dev to suppress it.
[1.922s] [0m
[1.923s] -- Using PYTHON_EXECUTABLE: /usr/bin/python3
[1.923s] -- Using PYTHON_INCLUDE_DIRS: /usr/include/python3.10
[1.923s] -- Using PYTHON_LIBRARIES: /usr/lib/x86_64-linux-gnu/libpython3.10.so
[1.976s] -- Found ament_lint_auto: 0.12.8 (/opt/ros/humble/share/ament_lint_auto/cmake)
[1.987s] -- Added test 'copyright' to check source files copyright and LICENSE
[1.989s] -- Added test 'lint_cmake' to check CMake code style
[1.989s] -- Added test 'xmllint' to check XML markup files
[1.992s] -- Configuring done (1.9s)
[2.029s] -- Generating done (0.0s)
[2.031s] -- Build files have been written to: /home/situjet/Desktop/aruco_ros/aruco_ros/build/aruco_msgs
[2.042s] Invoked command in '/home/situjet/Desktop/aruco_ros/aruco_ros/build/aruco_msgs' returned '0': CMAKE_PREFIX_PATH=/opt/ros/humble /home/situjet/.local/bin/cmake /home/situjet/Desktop/aruco_ros/aruco_ros/aruco_msgs -DAMENT_CMAKE_SYMLINK_INSTALL=1 -DCMAKE_INSTALL_PREFIX=/home/situjet/Desktop/aruco_ros/aruco_ros/install/aruco_msgs
[2.042s] Invoking command in '/home/situjet/Desktop/aruco_ros/aruco_ros/build/aruco_msgs': CMAKE_PREFIX_PATH=/opt/ros/humble /home/situjet/.local/bin/cmake --build /home/situjet/Desktop/aruco_ros/aruco_ros/build/aruco_msgs -- -j12 -l12
[2.078s] failed to create symbolic link '/home/situjet/Desktop/aruco_ros/aruco_ros/build/aruco_msgs/ament_cmake_python/aruco_msgs/aruco_msgs' because existing path cannot be removed: Is a directory
[2.078s] gmake[2]: *** [CMakeFiles/ament_cmake_python_symlink_aruco_msgs.dir/build.make:70: CMakeFiles/ament_cmake_python_symlink_aruco_msgs] Error 1
[2.078s] gmake[1]: *** [CMakeFiles/Makefile2:421: CMakeFiles/ament_cmake_python_symlink_aruco_msgs.dir/all] Error 2
[2.078s] gmake[1]: *** Waiting for unfinished jobs....
[2.079s] [  2%] Built target aruco_msgs__cpp
[2.080s] [ 12%] Built target aruco_msgs__rosidl_generator_c
[2.081s] gmake: *** [Makefile:146: all] Error 2
[2.086s] Invoked command in '/home/situjet/Desktop/aruco_ros/aruco_ros/build/aruco_msgs' returned '2': CMAKE_PREFIX_PATH=/opt/ros/humble /home/situjet/.local/bin/cmake --build /home/situjet/Desktop/aruco_ros/aruco_ros/build/aruco_msgs -- -j12 -l12
